<?xml version="1.0" encoding="UTF-8"?>
<testsuite xmlns:xsi="http://www.w3.org/2001/XMLSchema-instance" xsi:noNamespaceSchemaLocation="https://maven.apache.org/surefire/maven-surefire-plugin/xsd/surefire-test-report.xsd" version="3.0.2" name="WyrażeniaTest" time="0.095" tests="3" errors="0" skipped="0" failures="1">
  <properties>
    <property name="java.specification.version" value="24"/>
    <property name="sun.cpu.isalist" value="amd64"/>
    <property name="sun.jnu.encoding" value="UTF-8"/>
    <property name="java.class.path" value="C:\Users\Sofia\OneDrive\Dokumenty\Pulpit\gitfolder\OOP_MIM\ContinuousIntegration\target\test-classes;C:\Users\Sofia\OneDrive\Dokumenty\Pulpit\gitfolder\OOP_MIM\ContinuousIntegration\target\classes;C:\Users\Sofia\.m2\repository\org\junit\jupiter\junit-jupiter-api\5.13.1\junit-jupiter-api-5.13.1.jar;C:\Users\Sofia\.m2\repository\org\opentest4j\opentest4j\1.3.0\opentest4j-1.3.0.jar;C:\Users\Sofia\.m2\repository\org\junit\platform\junit-platform-commons\1.13.1\junit-platform-commons-1.13.1.jar;C:\Users\Sofia\.m2\repository\org\apiguardian\apiguardian-api\1.1.2\apiguardian-api-1.1.2.jar;"/>
    <property name="java.vm.vendor" value="Oracle Corporation"/>
    <property name="sun.arch.data.model" value="64"/>
    <property name="user.variant" value=""/>
    <property name="java.vendor.url" value="https://java.oracle.com/"/>
    <property name="user.timezone" value="Europe/Warsaw"/>
    <property name="os.name" value="Windows 11"/>
    <property name="java.vm.specification.version" value="24"/>
    <property name="sun.java.launcher" value="SUN_STANDARD"/>
    <property name="user.country" value="US"/>
    <property name="sun.boot.library.path" value="C:\Users\Sofia\.jdks\openjdk-24.0.1\bin"/>
    <property name="sun.java.command" value="C:\Users\Sofia\AppData\Local\Temp\surefire4184804609717026822\surefirebooter-20250616235626042_3.jar C:\Users\Sofia\AppData\Local\Temp\surefire4184804609717026822 2025-06-16T23-56-25_884-jvmRun1 surefire-20250616235626042_1tmp surefire_0-20250616235626042_2tmp"/>
    <property name="jdk.debug" value="release"/>
    <property name="surefire.test.class.path" value="C:\Users\Sofia\OneDrive\Dokumenty\Pulpit\gitfolder\OOP_MIM\ContinuousIntegration\target\test-classes;C:\Users\Sofia\OneDrive\Dokumenty\Pulpit\gitfolder\OOP_MIM\ContinuousIntegration\target\classes;C:\Users\Sofia\.m2\repository\org\junit\jupiter\junit-jupiter-api\5.13.1\junit-jupiter-api-5.13.1.jar;C:\Users\Sofia\.m2\repository\org\opentest4j\opentest4j\1.3.0\opentest4j-1.3.0.jar;C:\Users\Sofia\.m2\repository\org\junit\platform\junit-platform-commons\1.13.1\junit-platform-commons-1.13.1.jar;C:\Users\Sofia\.m2\repository\org\apiguardian\apiguardian-api\1.1.2\apiguardian-api-1.1.2.jar;"/>
    <property name="sun.cpu.endian" value="little"/>
    <property name="user.home" value="C:\Users\Sofia"/>
    <property name="user.language" value="en"/>
    <property name="java.specification.vendor" value="Oracle Corporation"/>
    <property name="java.version.date" value="2025-04-15"/>
    <property name="java.home" value="C:\Users\Sofia\.jdks\openjdk-24.0.1"/>
    <property name="file.separator" value="\"/>
    <property name="basedir" value="C:\Users\Sofia\OneDrive\Dokumenty\Pulpit\gitfolder\OOP_MIM\ContinuousIntegration"/>
    <property name="java.vm.compressedOopsMode" value="Zero based"/>
    <property name="line.separator" value="&#10;"/>
    <property name="java.vm.specification.vendor" value="Oracle Corporation"/>
    <property name="java.specification.name" value="Java Platform API Specification"/>
    <property name="surefire.real.class.path" value="C:\Users\Sofia\AppData\Local\Temp\surefire4184804609717026822\surefirebooter-20250616235626042_3.jar"/>
    <property name="user.script" value=""/>
    <property name="sun.management.compiler" value="HotSpot 64-Bit Tiered Compilers"/>
    <property name="java.runtime.version" value="24.0.1+9-30"/>
    <property name="user.name" value="Sofia"/>
    <property name="stdout.encoding" value="UTF-8"/>
    <property name="path.separator" value=";"/>
    <property name="os.version" value="10.0"/>
    <property name="java.runtime.name" value="OpenJDK Runtime Environment"/>
    <property name="file.encoding" value="UTF-8"/>
    <property name="java.vm.name" value="OpenJDK 64-Bit Server VM"/>
    <property name="localRepository" value="C:\Users\Sofia\.m2\repository"/>
    <property name="java.vendor.url.bug" value="https://bugreport.java.com/bugreport/"/>
    <property name="java.io.tmpdir" value="C:\Users\Sofia\AppData\Local\Temp\"/>
    <property name="idea.version" value="2025.1.2"/>
    <property name="java.version" value="24.0.1"/>
    <property name="user.dir" value="C:\Users\Sofia\OneDrive\Dokumenty\Pulpit\gitfolder\OOP_MIM\ContinuousIntegration"/>
    <property name="os.arch" value="amd64"/>
    <property name="java.vm.specification.name" value="Java Virtual Machine Specification"/>
    <property name="sun.os.patch.level" value=""/>
    <property name="native.encoding" value="UTF-8"/>
    <property name="java.library.path" value="C:\Users\Sofia\.jdks\openjdk-24.0.1\bin;C:\WINDOWS\Sun\Java\bin;C:\WINDOWS\system32;C:\WINDOWS;C:\Users\Sofia\anaconda3\condabin;C:\Program Files\Eclipse Adoptium\jdk-17.0.14.7-hotspot\bin;C:\Program Files (x86)\NVIDIA Corporation\PhysX\Common;C:\WINDOWS\system32;C:\WINDOWS;C:\WINDOWS\System32\Wbem;C:\WINDOWS\System32\WindowsPowerShell\v1.0\;C:\WINDOWS\System32\OpenSSH\;C:\Users\stasi\AppData\Local\Microsoft\WindowsApps;C:\Program Files\JetBrains\DataSpell 2023.1.3\bin;C:\Program 豆⃈Δ⥀̀⬈̀;C:\Program;Files (x86)\Predictive Solutions\PS IMAGO PRO\9\Portal\PHP\;C:\Program Files\dotnet\;C:\JupyterLab;C:\Program Files\R\R-4.4.2\library\pandoc;C:\WINDOWS\system32;C:\WINDOWS;C:\WINDOWS\System32\Wbem;C:\WINDOWS\System32\WindowsPowerShell\v1.0\;C:\WINDOWS\System32\OpenSSH\;C:\Program Files\Git\cmd;C:\Users\Sofia\anaconda3\envs\python\;C:\Users\Sofia\AppData\Local\nvim-data\lazy\zotcite\python3\;C:\Users\Sofia\AppData\Local\nvim-data\lazy\zotcite\python3\zotref\dist\zotref\zotref.exe;C:\Users\Sofia\scoop\apps\gcc\current\bin;C:\Users\Sofia\AppData\Local\Programs\Quarto\bin;C:\Users\Sofia\scoop\shims;C:\Users\Sofia\AppData\Local\Microsoft\WindowsApps;C:\Users\Sofia\anaconda3;C:\Users\Sofia\anaconda3\Scripts;C:\Users\Sofia\anaconda3\etc\profile.d\conda.sh;C:\Users\Sofia\AppData\Local\Programs\Microsoft VS Code\bin;C:\Program Files (x86)\Dia\bin\;C:\Program Files\R\R-4.4.3\bin\;C:\Program Files\RStudio\rstudio.exe;C:\Program Files (x86)\Windows Media Player\wmplayer.exe;C:\Users\Sofia\.dotnet\tools;C:\Users\Sofia\AppData\Local\Pandoc\;C:\Users\Sofia\AppData\Roaming\TinyTeX\bin\windows;C:\Program Files\Microsoft Office\root\Office16\;C:\msys64\mingw64\bin;C:\Program Files\JetBrains\IntelliJ IDEA 2025.1\bin;C:\Users\Sofia\AppData\Local\JetBrains\Toolbox\scripts;;."/>
    <property name="java.vm.info" value="mixed mode, sharing"/>
    <property name="stderr.encoding" value="UTF-8"/>
    <property name="java.vendor" value="Oracle Corporation"/>
    <property name="java.vm.version" value="24.0.1+9-30"/>
    <property name="sun.io.unicode.encoding" value="UnicodeLittle"/>
    <property name="java.class.version" value="68.0"/>
  </properties>
  <testcase name="testMnożeniaPrzezZero" classname="WyrażeniaTest" time="0.051">
    <failure message="expected: &lt;0.0&gt; but was: &lt;1.0&gt;" type="org.opentest4j.AssertionFailedError"><![CDATA[org.opentest4j.AssertionFailedError: expected: <0.0> but was: <1.0>
	at org.junit.jupiter.api.AssertionFailureBuilder.build(AssertionFailureBuilder.java:151)
	at org.junit.jupiter.api.AssertionFailureBuilder.buildAndThrow(AssertionFailureBuilder.java:132)
	at org.junit.jupiter.api.AssertEquals.failNotEqual(AssertEquals.java:197)
	at org.junit.jupiter.api.AssertEquals.assertEquals(AssertEquals.java:182)
	at org.junit.jupiter.api.AssertEquals.assertEquals(AssertEquals.java:177)
	at org.junit.jupiter.api.Assertions.assertEquals(Assertions.java:1145)
	at WyrażeniaTest.testMnożeniaPrzezZero(WyrażeniaTest.java:17)
	at java.base/java.lang.reflect.Method.invoke(Method.java:565)
	at java.base/java.util.ArrayList.forEach(ArrayList.java:1604)
	at java.base/java.util.ArrayList.forEach(ArrayList.java:1604)
]]></failure>
  </testcase>
  <testcase name="testMnożeniaPrzezJeden" classname="WyrażeniaTest" time="0.002"/>
  <testcase name="testDodawaniaZera" classname="WyrażeniaTest" time="0.001"/>
</testsuite>